<?xml version="1.0" encoding="UTF-8"?>
<!-- Generated by org.testng.reporters.JUnitXMLReporter -->
<testsuite ignored="0" hostname="Asa" failures="1" tests="1" name="UserTwo" time="17.231" errors="0" timestamp="2022-12-03T05:56:38 EST">
  <testcase classname="testCases.LoginSwagLabs" name="login" time="0.239">
    <failure type="java.lang.AssertionError" message="expected [https://www.saucedemo.com/inventory.html] but found [https://www.saucedemo.com/]">
      <![CDATA[java.lang.AssertionError: expected [https://www.saucedemo.com/inventory.html] but found [https://www.saucedemo.com/]
at testCases.LoginSwagLabs.login(LoginSwagLabs.java:54)
at java.base/java.util.ArrayList.forEach(ArrayList.java:1511)
... Removed 33 stack frames]]>
    </failure>
  </testcase> <!-- login -->
</testsuite> <!-- UserTwo -->
